<?xml version="1.0" encoding="UTF-8"?>
<testsuite name="Matrix" tests="2" skipped="0" failures="0" errors="0" timestamp="2023-12-17T10:40:34" hostname="Acer-Nitro-AN515-44" time="0.24">
  <properties/>
  <testcase name="Determinant" classname="Matrix" time="0.234"/>
  <testcase name="Transpose" classname="Matrix" time="0.006"/>
  <system-out><![CDATA[]]></system-out>
  <system-err><![CDATA[]]></system-err>
</testsuite>
