<?xml version="1.0" encoding="UTF-8"?>
<testsuite name="ExampleTest" tests="0" skipped="0" failures="0" errors="0" timestamp="1970-01-01T00:00:00" hostname="DESKTOP-4I2G4IV" time="0.0">
  <properties/>
  <system-out><![CDATA[]]></system-out>
  <system-err><![CDATA[dÃ©c. 16, 2023 4:14:50 PM io.cucumber.core.runtime.FeaturePathFeatureSupplier get
AVERTISSEMENT: No features found at file:/C:/Users/Manel/Desktop/2CS/OGL/TP/ogl-tp/Features/
]]></system-err>
</testsuite>
